Using pre-set license
Built from '2022.3/staging' branch; Version is '2022.3.8f1 (b5eafc012955) revision 11922172'; Using compiler version '192829333'; Build Type 'Release'
OS: 'Windows 10  (10.0.19045) 64bit Core' Language: 'en' Physical Memory: 40351 MB
BatchMode: 1, IsHumanControllingUs: 0, StartBugReporterOnCrash: 0, Is64bit: 1, IsPro: 1

COMMAND LINE ARGUMENTS:
C:\Program Files\Unity\Hub\Editor\2022.3.8f1\Editor\Unity.exe
-adb2
-batchMode
-noUpm
-name
AssetImportWorker0
-projectPath
C:/Users/saram/OneDrive/Documents/College Year 2023-2024/Spring 2024/CSCI 497T/course-project-A-Game/A-Game
-logFile
Logs/AssetImportWorker0.log
-srvPort
<<<<<<< Updated upstream
63875
=======
60308
>>>>>>> Stashed changes
Successfully changed project path to: C:/Users/saram/OneDrive/Documents/College Year 2023-2024/Spring 2024/CSCI 497T/course-project-A-Game/A-Game
C:/Users/saram/OneDrive/Documents/College Year 2023-2024/Spring 2024/CSCI 497T/course-project-A-Game/A-Game
[UnityMemory] Configuration Parameters - Can be set up in boot.config
    "memorysetup-bucket-allocator-granularity=16"
    "memorysetup-bucket-allocator-bucket-count=8"
    "memorysetup-bucket-allocator-block-size=33554432"
    "memorysetup-bucket-allocator-block-count=8"
    "memorysetup-main-allocator-block-size=16777216"
    "memorysetup-thread-allocator-block-size=16777216"
    "memorysetup-gfx-main-allocator-block-size=16777216"
    "memorysetup-gfx-thread-allocator-block-size=16777216"
    "memorysetup-cache-allocator-block-size=4194304"
    "memorysetup-typetree-allocator-block-size=2097152"
    "memorysetup-profiler-bucket-allocator-granularity=16"
    "memorysetup-profiler-bucket-allocator-bucket-count=8"
    "memorysetup-profiler-bucket-allocator-block-size=33554432"
    "memorysetup-profiler-bucket-allocator-block-count=8"
    "memorysetup-profiler-allocator-block-size=16777216"
    "memorysetup-profiler-editor-allocator-block-size=1048576"
    "memorysetup-temp-allocator-size-main=16777216"
    "memorysetup-job-temp-allocator-block-size=2097152"
    "memorysetup-job-temp-allocator-block-size-background=1048576"
    "memorysetup-job-temp-allocator-reduction-small-platforms=262144"
    "memorysetup-allocator-temp-initial-block-size-main=262144"
    "memorysetup-allocator-temp-initial-block-size-worker=262144"
    "memorysetup-temp-allocator-size-background-worker=32768"
    "memorysetup-temp-allocator-size-job-worker=262144"
    "memorysetup-temp-allocator-size-preload-manager=33554432"
    "memorysetup-temp-allocator-size-nav-mesh-worker=65536"
    "memorysetup-temp-allocator-size-audio-worker=65536"
    "memorysetup-temp-allocator-size-cloud-worker=32768"
    "memorysetup-temp-allocator-size-gi-baking-worker=262144"
    "memorysetup-temp-allocator-size-gfx=262144"
<<<<<<< Updated upstream
Player connection [30716] Host "[IP] 10.37.33.201 [Port] 0 [Flags] 2 [Guid] 2606065921 [EditorId] 2606065921 [Version] 1048832 [Id] WindowsEditor(7,LAPTOP-LA0UMHMI) [Debug] 1 [PackageName] WindowsEditor [ProjectName] Editor" joined multi-casting on [225.0.0.222:54997]...

Player connection [30716] Host "[IP] 10.37.33.201 [Port] 0 [Flags] 2 [Guid] 2606065921 [EditorId] 2606065921 [Version] 1048832 [Id] WindowsEditor(7,LAPTOP-LA0UMHMI) [Debug] 1 [PackageName] WindowsEditor [ProjectName] Editor" joined alternative multi-casting on [225.0.0.222:34997]...

[Physics::Module] Initialized MultithreadedJobDispatcher with 15 workers.
Refreshing native plugins compatible for Editor in 174.44 ms, found 4 plugins.
=======
Player connection [13448] Host "[IP] 10.37.33.201 [Port] 0 [Flags] 2 [Guid] 3152822323 [EditorId] 3152822323 [Version] 1048832 [Id] WindowsEditor(7,LAPTOP-LA0UMHMI) [Debug] 1 [PackageName] WindowsEditor [ProjectName] Editor" joined multi-casting on [225.0.0.222:54997]...

Player connection [13448] Host "[IP] 10.37.33.201 [Port] 0 [Flags] 2 [Guid] 3152822323 [EditorId] 3152822323 [Version] 1048832 [Id] WindowsEditor(7,LAPTOP-LA0UMHMI) [Debug] 1 [PackageName] WindowsEditor [ProjectName] Editor" joined alternative multi-casting on [225.0.0.222:34997]...

[Physics::Module] Initialized MultithreadedJobDispatcher with 15 workers.
Refreshing native plugins compatible for Editor in 33.01 ms, found 4 plugins.
>>>>>>> Stashed changes
Preloading 0 native plugins for Editor in 0.00 ms.
Initialize engine version: 2022.3.8f1 (b5eafc012955)
[Subsystems] Discovering subsystems at path C:/Program Files/Unity/Hub/Editor/2022.3.8f1/Editor/Data/Resources/UnitySubsystems
[Subsystems] Discovering subsystems at path C:/Users/saram/OneDrive/Documents/College Year 2023-2024/Spring 2024/CSCI 497T/course-project-A-Game/A-Game/Assets
GfxDevice: creating device client; threaded=0; jobified=0
Direct3D:
    Version:  Direct3D 11.0 [level 11.1]
    Renderer: NVIDIA GeForce RTX 3060 Laptop GPU (ID=0x2520)
    Vendor:   NVIDIA
    VRAM:     6009 MB
    Driver:   31.0.15.2824
Initialize mono
Mono path[0] = 'C:/Program Files/Unity/Hub/Editor/2022.3.8f1/Editor/Data/Managed'
Mono path[1] = 'C:/Program Files/Unity/Hub/Editor/2022.3.8f1/Editor/Data/MonoBleedingEdge/lib/mono/unityjit-win32'
Mono config path = 'C:/Program Files/Unity/Hub/Editor/2022.3.8f1/Editor/Data/MonoBleedingEdge/etc'
<<<<<<< Updated upstream
Using monoOptions --debugger-agent=transport=dt_socket,embedding=1,server=y,suspend=n,address=127.0.0.1:56224
=======
Using monoOptions --debugger-agent=transport=dt_socket,embedding=1,server=y,suspend=n,address=127.0.0.1:56572
>>>>>>> Stashed changes
Begin MonoManager ReloadAssembly
Registering precompiled unity dll's ...
Register platform support module: C:/Program Files/Unity/Hub/Editor/2022.3.8f1/Editor/Data/PlaybackEngines/AndroidPlayer/UnityEditor.Android.Extensions.dll
Register platform support module: C:/Program Files/Unity/Hub/Editor/2022.3.8f1/Editor/Data/PlaybackEngines/iOSSupport/UnityEditor.iOS.Extensions.dll
Register platform support module: C:/Program Files/Unity/Hub/Editor/2022.3.8f1/Editor/Data/PlaybackEngines/WindowsStandaloneSupport/UnityEditor.WindowsStandalone.Extensions.dll
<<<<<<< Updated upstream
Registered in 0.021307 seconds.
- Loaded All Assemblies, in  0.696 seconds
=======
Registered in 0.017177 seconds.
- Loaded All Assemblies, in  0.460 seconds
>>>>>>> Stashed changes
Native extension for WindowsStandalone target not found
[usbmuxd] Start listen thread
[usbmuxd] Listen thread started
Native extension for iOS target not found
Native extension for Android target not found
<<<<<<< Updated upstream
Android Extension - Scanning For ADB Devices 483 ms
Mono: successfully reloaded assembly
- Finished resetting the current domain, in  0.951 seconds
Domain Reload Profiling: 1644ms
	BeginReloadAssembly (224ms)
=======
Android Extension - Scanning For ADB Devices 453 ms
Mono: successfully reloaded assembly
- Finished resetting the current domain, in  0.864 seconds
Domain Reload Profiling: 1321ms
	BeginReloadAssembly (148ms)
>>>>>>> Stashed changes
		ExecutionOrderSort (0ms)
		DisableScriptedObjects (0ms)
		BackupInstance (0ms)
		ReleaseScriptingObjects (0ms)
		CreateAndSetChildDomain (1ms)
<<<<<<< Updated upstream
	RebuildCommonClasses (49ms)
	RebuildNativeTypeToScriptingClass (11ms)
	initialDomainReloadingComplete (93ms)
	LoadAllAssembliesAndSetupDomain (315ms)
		LoadAssemblies (214ms)
		RebuildTransferFunctionScriptingTraits (0ms)
		AnalyzeDomain (311ms)
			TypeCache.Refresh (310ms)
				TypeCache.ScanAssembly (296ms)
			ScanForSourceGeneratedMonoScriptInfo (0ms)
			ResolveRequiredComponents (0ms)
	FinalizeReload (952ms)
		ReleaseScriptCaches (0ms)
		RebuildScriptCaches (0ms)
		SetupLoadedEditorAssemblies (880ms)
			LogAssemblyErrors (0ms)
			InitializePlatformSupportModulesInManaged (654ms)
			SetLoadedEditorAssemblies (5ms)
			RefreshPlugins (0ms)
			BeforeProcessingInitializeOnLoad (4ms)
			ProcessInitializeOnLoadAttributes (132ms)
			ProcessInitializeOnLoadMethodAttributes (85ms)
=======
	RebuildCommonClasses (37ms)
	RebuildNativeTypeToScriptingClass (11ms)
	initialDomainReloadingComplete (82ms)
	LoadAllAssembliesAndSetupDomain (179ms)
		LoadAssemblies (146ms)
		RebuildTransferFunctionScriptingTraits (0ms)
		AnalyzeDomain (175ms)
			TypeCache.Refresh (174ms)
				TypeCache.ScanAssembly (157ms)
			ScanForSourceGeneratedMonoScriptInfo (0ms)
			ResolveRequiredComponents (1ms)
	FinalizeReload (864ms)
		ReleaseScriptCaches (0ms)
		RebuildScriptCaches (0ms)
		SetupLoadedEditorAssemblies (793ms)
			LogAssemblyErrors (0ms)
			InitializePlatformSupportModulesInManaged (618ms)
			SetLoadedEditorAssemblies (7ms)
			RefreshPlugins (0ms)
			BeforeProcessingInitializeOnLoad (3ms)
			ProcessInitializeOnLoadAttributes (108ms)
			ProcessInitializeOnLoadMethodAttributes (58ms)
>>>>>>> Stashed changes
			AfterProcessingInitializeOnLoad (0ms)
			EditorAssembliesLoaded (0ms)
		ExecutionOrderSort2 (0ms)
		AwakeInstancesAfterBackupRestoration (0ms)
========================================================================
Worker process is ready to serve import requests
Begin MonoManager ReloadAssembly
<<<<<<< Updated upstream
- Loaded All Assemblies, in  2.084 seconds
Refreshing native plugins compatible for Editor in 7.32 ms, found 4 plugins.
=======
- Loaded All Assemblies, in  0.871 seconds
Refreshing native plugins compatible for Editor in 7.37 ms, found 4 plugins.
>>>>>>> Stashed changes
Native extension for WindowsStandalone target not found
Native extension for iOS target not found
Native extension for Android target not found
Package Manager log level set to [2]
[Package Manager] Server::EnsureServerProcessIsRunning -- launch failed, reason: Unity was launched with the -noUpm command-line argument
[Package Manager] UpmClient::Send -- Unable to send message (not connected to UPM process).
[Package Manager] Cannot connect to Unity Package Manager local server
Mono: successfully reloaded assembly
<<<<<<< Updated upstream
- Finished resetting the current domain, in  0.631 seconds
Domain Reload Profiling: 2706ms
	BeginReloadAssembly (195ms)
		ExecutionOrderSort (0ms)
		DisableScriptedObjects (8ms)
		BackupInstance (0ms)
		ReleaseScriptingObjects (0ms)
		CreateAndSetChildDomain (30ms)
	RebuildCommonClasses (38ms)
	RebuildNativeTypeToScriptingClass (12ms)
	initialDomainReloadingComplete (60ms)
	LoadAllAssembliesAndSetupDomain (1770ms)
		LoadAssemblies (1714ms)
		RebuildTransferFunctionScriptingTraits (0ms)
		AnalyzeDomain (171ms)
			TypeCache.Refresh (149ms)
				TypeCache.ScanAssembly (131ms)
			ScanForSourceGeneratedMonoScriptInfo (18ms)
			ResolveRequiredComponents (3ms)
	FinalizeReload (631ms)
		ReleaseScriptCaches (0ms)
		RebuildScriptCaches (0ms)
		SetupLoadedEditorAssemblies (464ms)
			LogAssemblyErrors (0ms)
			InitializePlatformSupportModulesInManaged (37ms)
			SetLoadedEditorAssemblies (3ms)
			RefreshPlugins (0ms)
			BeforeProcessingInitializeOnLoad (85ms)
			ProcessInitializeOnLoadAttributes (298ms)
			ProcessInitializeOnLoadMethodAttributes (31ms)
			AfterProcessingInitializeOnLoad (10ms)
			EditorAssembliesLoaded (0ms)
		ExecutionOrderSort2 (0ms)
		AwakeInstancesAfterBackupRestoration (7ms)
Launched and connected shader compiler UnityShaderCompiler.exe after 0.06 seconds
Refreshing native plugins compatible for Editor in 9.48 ms, found 4 plugins.
Preloading 0 native plugins for Editor in 0.00 ms.
Unloading 4009 Unused Serialized files (Serialized files now loaded: 0)
Unloading 63 unused Assets / (60.4 KB). Loaded Objects now: 4475.
Memory consumption went from 141.8 MB to 141.8 MB.
Total: 4.263800 ms (FindLiveObjects: 0.331200 ms CreateObjectMapping: 0.372600 ms MarkObjects: 3.398800 ms  DeleteObjects: 0.159900 ms)
=======
- Finished resetting the current domain, in  0.739 seconds
Domain Reload Profiling: 1602ms
	BeginReloadAssembly (184ms)
		ExecutionOrderSort (0ms)
		DisableScriptedObjects (7ms)
		BackupInstance (0ms)
		ReleaseScriptingObjects (0ms)
		CreateAndSetChildDomain (28ms)
	RebuildCommonClasses (40ms)
	RebuildNativeTypeToScriptingClass (12ms)
	initialDomainReloadingComplete (56ms)
	LoadAllAssembliesAndSetupDomain (571ms)
		LoadAssemblies (487ms)
		RebuildTransferFunctionScriptingTraits (0ms)
		AnalyzeDomain (193ms)
			TypeCache.Refresh (169ms)
				TypeCache.ScanAssembly (150ms)
			ScanForSourceGeneratedMonoScriptInfo (19ms)
			ResolveRequiredComponents (4ms)
	FinalizeReload (739ms)
		ReleaseScriptCaches (0ms)
		RebuildScriptCaches (0ms)
		SetupLoadedEditorAssemblies (541ms)
			LogAssemblyErrors (0ms)
			InitializePlatformSupportModulesInManaged (47ms)
			SetLoadedEditorAssemblies (4ms)
			RefreshPlugins (0ms)
			BeforeProcessingInitializeOnLoad (93ms)
			ProcessInitializeOnLoadAttributes (349ms)
			ProcessInitializeOnLoadMethodAttributes (37ms)
			AfterProcessingInitializeOnLoad (11ms)
			EditorAssembliesLoaded (0ms)
		ExecutionOrderSort2 (0ms)
		AwakeInstancesAfterBackupRestoration (8ms)
Launched and connected shader compiler UnityShaderCompiler.exe after 0.06 seconds
Refreshing native plugins compatible for Editor in 10.50 ms, found 4 plugins.
Preloading 0 native plugins for Editor in 0.00 ms.
Unloading 4010 Unused Serialized files (Serialized files now loaded: 0)
Unloading 63 unused Assets / (60.4 KB). Loaded Objects now: 4476.
Memory consumption went from 141.9 MB to 141.8 MB.
Total: 5.583900 ms (FindLiveObjects: 0.295500 ms CreateObjectMapping: 0.277700 ms MarkObjects: 4.766100 ms  DeleteObjects: 0.243200 ms)
>>>>>>> Stashed changes

AssetImportParameters requested are different than current active one (requested -> active):
  custom:container-demuxer-ogg: 62fdf1f143b41e24485cea50d1cbac27 -> 
  custom:video-codec-MediaFoundation-h265: 746d11721c4dcdbdad8f713fa42b33f4 -> 
  custom:video-decoder-ogg-theora: a1e56fd34408186e4bbccfd4996cb3dc -> 
  custom:framework-win-MediaFoundation: 216162199b28c13a410421893ffa2e32 -> 
  custom:CustomObjectIndexerAttribute: 756ad292c208cfabdd7b50bc23989ffe -> 
  custom:container-demuxer-webm: 4f35f7cbe854078d1ac9338744f61a02 -> 
  custom:container-muxer-webm: aa71ff27fc2769a1b78a27578f13a17b -> 
  custom:video-decoder-webm-vp8: 9c59270c3fd7afecdb556c50c9e8de78 -> 
  custom:SearchIndexIgnoredProperties: e643bd26f0fe6173181afceb89e7c659 -> 
  custom:AudioImporter_EditorPlatform: d09bf68614088b80899f8185d706f6e7 -> 
  custom:video-encoder-webm-vp8: eb34c28f22e8b96e1ab97ce403110664 -> 
  custom:audio-decoder-ogg-vorbis: bf7c407c2cedff20999df2af8eb42d56 -> 
  custom:audio-encoder-webm-vorbis: bf7c407c2cedff20999df2af8eb42d56 -> 
========================================================================
Received Import Request.
<<<<<<< Updated upstream
  Time since last request: 600357.915152 seconds.
  path: Assets/Sounds/Sound1.prefab
  artifactKey: Guid(d6274e1a27b8f6b4ba7d43b0d84ddcfe) Importer(2089858483,c8450a0e703c624ce5c6e9fb45182d35)
Start importing Assets/Sounds/Sound1.prefab using Guid(d6274e1a27b8f6b4ba7d43b0d84ddcfe) Importer(2089858483,c8450a0e703c624ce5c6e9fb45182d35) Generated GUIDs only implemented for interfaces!
 -> (artifact id: 'a4685172b0c4b1d82426ace239240678') in 0.121245 seconds
Number of updated asset objects reloaded before import = 0
Number of asset objects unloaded after import = 31
========================================================================
Received Import Request.
  Time since last request: 0.000027 seconds.
  path: Assets/Synth_Oneshots/Synth_5_Chromatic/Synth_5_B5.wav
  artifactKey: Guid(5999c234488fed145b59b6f354bd4718) Importer(2089858483,0ecaa5967403d082aa24f35e1b516d23)
Start importing Assets/Synth_Oneshots/Synth_5_Chromatic/Synth_5_B5.wav using Guid(5999c234488fed145b59b6f354bd4718) Importer(2089858483,0ecaa5967403d082aa24f35e1b516d23) Generated GUIDs only implemented for interfaces!
 -> (artifact id: '0905c23d0ea1f5e5c678d8af31382c0a') in 0.077219 seconds
Number of updated asset objects reloaded before import = 0
Number of asset objects unloaded after import = 1
========================================================================
Received Import Request.
  Time since last request: 0.000021 seconds.
  path: Assets/Synth_Oneshots/Synth_1_Cmaj/Synth_1_E6.wav
  artifactKey: Guid(ca55899e72344c549bee58103a39ba48) Importer(2089858483,0ecaa5967403d082aa24f35e1b516d23)
Start importing Assets/Synth_Oneshots/Synth_1_Cmaj/Synth_1_E6.wav using Guid(ca55899e72344c549bee58103a39ba48) Importer(2089858483,0ecaa5967403d082aa24f35e1b516d23) Generated GUIDs only implemented for interfaces!
 -> (artifact id: 'bc41f3940f80b677af654d54812947e3') in 0.056142 seconds
Number of updated asset objects reloaded before import = 0
Number of asset objects unloaded after import = 1
========================================================================
Received Import Request.
  Time since last request: 0.000021 seconds.
  path: Assets/Sounds/Sound2 3.prefab
  artifactKey: Guid(f68559ea3b10da041a1ddc02d2319ddd) Importer(2089858483,0ecaa5967403d082aa24f35e1b516d23)
Start importing Assets/Sounds/Sound2 3.prefab using Guid(f68559ea3b10da041a1ddc02d2319ddd) Importer(2089858483,0ecaa5967403d082aa24f35e1b516d23) Generated GUIDs only implemented for interfaces!
 -> (artifact id: '86890bf95adb10641a887c91b1bec66e') in 0.013505 seconds
Number of updated asset objects reloaded before import = 0
Number of asset objects unloaded after import = 11
========================================================================
Received Import Request.
  Time since last request: 0.000021 seconds.
  path: Assets/Synth_Oneshots/Synth_6_Chromatic/Synth_6_A5.wav
  artifactKey: Guid(7c5c248ef66be5240aacebff09320efb) Importer(2089858483,0ecaa5967403d082aa24f35e1b516d23)
Start importing Assets/Synth_Oneshots/Synth_6_Chromatic/Synth_6_A5.wav using Guid(7c5c248ef66be5240aacebff09320efb) Importer(2089858483,0ecaa5967403d082aa24f35e1b516d23) Generated GUIDs only implemented for interfaces!
 -> (artifact id: 'e7f010b3d85c13e140e7597ce341f5ca') in 0.066457 seconds
Number of updated asset objects reloaded before import = 0
Number of asset objects unloaded after import = 1
========================================================================
Received Import Request.
  Time since last request: 0.000020 seconds.
  path: Assets/Synth_Oneshots/Synth_2_Chromatic/Synth_2_D3.wav
  artifactKey: Guid(e2c86813066239845b59d43c02a9d3cc) Importer(2089858483,0ecaa5967403d082aa24f35e1b516d23)
Start importing Assets/Synth_Oneshots/Synth_2_Chromatic/Synth_2_D3.wav using Guid(e2c86813066239845b59d43c02a9d3cc) Importer(2089858483,0ecaa5967403d082aa24f35e1b516d23) Generated GUIDs only implemented for interfaces!
 -> (artifact id: '617562e9ce44b87a248bebb11d961f41') in 0.060876 seconds
Number of updated asset objects reloaded before import = 0
Number of asset objects unloaded after import = 1
========================================================================
Received Import Request.
  Time since last request: 0.000028 seconds.
  path: Assets/Cell.cs
  artifactKey: Guid(1cfdb0d697e38a642ab52ad7a89838f5) Importer(2089858483,0ecaa5967403d082aa24f35e1b516d23)
Start importing Assets/Cell.cs using Guid(1cfdb0d697e38a642ab52ad7a89838f5) Importer(2089858483,0ecaa5967403d082aa24f35e1b516d23) Generated GUIDs only implemented for interfaces!
 -> (artifact id: '5ef5fd859263cc660cad3f3a3d61a28e') in 0.011843 seconds
Number of updated asset objects reloaded before import = 0
Number of asset objects unloaded after import = 1
========================================================================
Received Import Request.
  Time since last request: 0.000020 seconds.
  path: Assets/Synth_Oneshots/FX_2/FX_2_Selection_invalid.wav
  artifactKey: Guid(ea293061707eca24fa8a51d91067c103) Importer(2089858483,0ecaa5967403d082aa24f35e1b516d23)
Start importing Assets/Synth_Oneshots/FX_2/FX_2_Selection_invalid.wav using Guid(ea293061707eca24fa8a51d91067c103) Importer(2089858483,0ecaa5967403d082aa24f35e1b516d23) Generated GUIDs only implemented for interfaces!
 -> (artifact id: '94a5f2ca31748d35921c5f780c0a4c19') in 0.068720 seconds
Number of updated asset objects reloaded before import = 0
Number of asset objects unloaded after import = 1
========================================================================
Received Import Request.
  Time since last request: 0.000018 seconds.
  path: Assets/Synth_Oneshots/Synth_5_Chromatic/Synth_5_F5.wav
  artifactKey: Guid(b3736f1f7dd29864e9ed259033ffadea) Importer(2089858483,0ecaa5967403d082aa24f35e1b516d23)
Start importing Assets/Synth_Oneshots/Synth_5_Chromatic/Synth_5_F5.wav using Guid(b3736f1f7dd29864e9ed259033ffadea) Importer(2089858483,0ecaa5967403d082aa24f35e1b516d23) Generated GUIDs only implemented for interfaces!
 -> (artifact id: 'c4f48e199230466868509c2678612f08') in 0.067669 seconds
Number of updated asset objects reloaded before import = 0
Number of asset objects unloaded after import = 1
========================================================================
Received Import Request.
  Time since last request: 0.000086 seconds.
  path: Assets/Synth_Oneshots/Synth_2_Chromatic/Synth_2_C3.wav
  artifactKey: Guid(a15cdf8a5d5d7a34aa3d42c4b68883b0) Importer(2089858483,0ecaa5967403d082aa24f35e1b516d23)
Start importing Assets/Synth_Oneshots/Synth_2_Chromatic/Synth_2_C3.wav using Guid(a15cdf8a5d5d7a34aa3d42c4b68883b0) Importer(2089858483,0ecaa5967403d082aa24f35e1b516d23) Generated GUIDs only implemented for interfaces!
 -> (artifact id: 'e99b96e6123740d8599ca0fbfa59012f') in 0.078940 seconds
Number of updated asset objects reloaded before import = 0
Number of asset objects unloaded after import = 1
========================================================================
Received Import Request.
  Time since last request: 0.000028 seconds.
  path: Assets/Synth_Oneshots/Synth_7_Amin/Synth_7_C4.wav
  artifactKey: Guid(4a2190ff598863048960a7e5af37aca9) Importer(2089858483,0ecaa5967403d082aa24f35e1b516d23)
Start importing Assets/Synth_Oneshots/Synth_7_Amin/Synth_7_C4.wav using Guid(4a2190ff598863048960a7e5af37aca9) Importer(2089858483,0ecaa5967403d082aa24f35e1b516d23) Generated GUIDs only implemented for interfaces!
 -> (artifact id: '81e674407214a93d2066ef852a522e17') in 0.074749 seconds
Number of updated asset objects reloaded before import = 0
Number of asset objects unloaded after import = 1
========================================================================
Received Import Request.
  Time since last request: 0.000028 seconds.
  path: Assets/Synth_Oneshots/Synth_8_Gmaj/Synth_8_B3.wav
  artifactKey: Guid(27c52585d912d7d4bbf6502b93c6c4ca) Importer(2089858483,0ecaa5967403d082aa24f35e1b516d23)
Start importing Assets/Synth_Oneshots/Synth_8_Gmaj/Synth_8_B3.wav using Guid(27c52585d912d7d4bbf6502b93c6c4ca) Importer(2089858483,0ecaa5967403d082aa24f35e1b516d23) Generated GUIDs only implemented for interfaces!
 -> (artifact id: '6e4e13c696f5c2685a8173e5cb1d0098') in 0.073012 seconds
Number of updated asset objects reloaded before import = 0
Number of asset objects unloaded after import = 1
========================================================================
Received Import Request.
  Time since last request: 0.000016 seconds.
  path: Assets/Synth_Oneshots/Synth_2_Chromatic/Synth_2_F3.wav
  artifactKey: Guid(8033ce8aaebcbee42ad717df65b9f6ac) Importer(2089858483,0ecaa5967403d082aa24f35e1b516d23)
Start importing Assets/Synth_Oneshots/Synth_2_Chromatic/Synth_2_F3.wav using Guid(8033ce8aaebcbee42ad717df65b9f6ac) Importer(2089858483,0ecaa5967403d082aa24f35e1b516d23) Generated GUIDs only implemented for interfaces!
 -> (artifact id: 'b2184a64ffcd2cd6fb4638a6456a02c6') in 0.067159 seconds
Number of updated asset objects reloaded before import = 0
Number of asset objects unloaded after import = 1
========================================================================
Received Import Request.
  Time since last request: 0.000022 seconds.
  path: Assets/Sounds/Sound2 2.prefab
  artifactKey: Guid(81a6885acc1d325499e2ee2471af4d70) Importer(2089858483,c8450a0e703c624ce5c6e9fb45182d35)
Start importing Assets/Sounds/Sound2 2.prefab using Guid(81a6885acc1d325499e2ee2471af4d70) Importer(2089858483,c8450a0e703c624ce5c6e9fb45182d35) Generated GUIDs only implemented for interfaces!
 -> (artifact id: 'ad46e7be003b750c77dd077108b1ce7d') in 0.013496 seconds
Number of updated asset objects reloaded before import = 0
Number of asset objects unloaded after import = 16
========================================================================
Received Import Request.
  Time since last request: 0.000018 seconds.
  path: Assets/Synth_Oneshots/Synth_3_Fmaj/Synth_3_C4.wav
  artifactKey: Guid(2eb5f74c185795548960346451a63f90) Importer(2089858483,0ecaa5967403d082aa24f35e1b516d23)
Start importing Assets/Synth_Oneshots/Synth_3_Fmaj/Synth_3_C4.wav using Guid(2eb5f74c185795548960346451a63f90) Importer(2089858483,0ecaa5967403d082aa24f35e1b516d23) Generated GUIDs only implemented for interfaces!
 -> (artifact id: '240e85adb47a27dbe4199330d68a213d') in 0.070065 seconds
Number of updated asset objects reloaded before import = 0
Number of asset objects unloaded after import = 1
========================================================================
Received Import Request.
  Time since last request: 0.000025 seconds.
  path: Assets/Synth_Oneshots/FX_1/FX_1_Neutral.wav
  artifactKey: Guid(e40ad53869c44cc4985a5d3b7dd8f71d) Importer(2089858483,0ecaa5967403d082aa24f35e1b516d23)
Start importing Assets/Synth_Oneshots/FX_1/FX_1_Neutral.wav using Guid(e40ad53869c44cc4985a5d3b7dd8f71d) Importer(2089858483,0ecaa5967403d082aa24f35e1b516d23) Generated GUIDs only implemented for interfaces!
 -> (artifact id: '67b3ebba69d016b371423f9db40d04fc') in 0.096987 seconds
Number of updated asset objects reloaded before import = 0
Number of asset objects unloaded after import = 1
========================================================================
Received Import Request.
  Time since last request: 0.000033 seconds.
  path: Assets/Synth_Oneshots/Synth_6_Chromatic/Synth_6_E5.wav
  artifactKey: Guid(864bf15f17287dc438bb8ca4ed4d7629) Importer(2089858483,0ecaa5967403d082aa24f35e1b516d23)
Start importing Assets/Synth_Oneshots/Synth_6_Chromatic/Synth_6_E5.wav using Guid(864bf15f17287dc438bb8ca4ed4d7629) Importer(2089858483,0ecaa5967403d082aa24f35e1b516d23) Generated GUIDs only implemented for interfaces!
 -> (artifact id: '7e41454be4a32d6453049045ec3f2493') in 0.088521 seconds
Number of updated asset objects reloaded before import = 0
Number of asset objects unloaded after import = 1
========================================================================
Received Import Request.
  Time since last request: 0.000030 seconds.
  path: Assets/Sounds/Sound2.prefab
  artifactKey: Guid(e814a3b5cbbb6b04b92d56fe34ae1014) Importer(2089858483,c8450a0e703c624ce5c6e9fb45182d35)
Start importing Assets/Sounds/Sound2.prefab using Guid(e814a3b5cbbb6b04b92d56fe34ae1014) Importer(2089858483,c8450a0e703c624ce5c6e9fb45182d35) Generated GUIDs only implemented for interfaces!
 -> (artifact id: '0257c9a06150aa18bef96490d12b244d') in 0.019781 seconds
Number of updated asset objects reloaded before import = 0
Number of asset objects unloaded after import = 26
========================================================================
Received Import Request.
  Time since last request: 0.000023 seconds.
  path: Assets/Synth_Oneshots/Synth_4_Dmin/Synth_4_A5.wav
  artifactKey: Guid(5063b5a2c64ef6d4aae80fe20bac3c24) Importer(2089858483,0ecaa5967403d082aa24f35e1b516d23)
Start importing Assets/Synth_Oneshots/Synth_4_Dmin/Synth_4_A5.wav using Guid(5063b5a2c64ef6d4aae80fe20bac3c24) Importer(2089858483,0ecaa5967403d082aa24f35e1b516d23) Generated GUIDs only implemented for interfaces!
 -> (artifact id: 'e49bdfd25ea01144c6b92e1ea225c072') in 0.077176 seconds
Number of updated asset objects reloaded before import = 0
Number of asset objects unloaded after import = 1
========================================================================
Received Import Request.
  Time since last request: 0.000034 seconds.
  path: Assets/Scenes/SampleScene.unity
  artifactKey: Guid(2cda990e2423bbf4892e6590ba056729) Importer(2089858483,0ecaa5967403d082aa24f35e1b516d23)
Start importing Assets/Scenes/SampleScene.unity using Guid(2cda990e2423bbf4892e6590ba056729) Importer(2089858483,0ecaa5967403d082aa24f35e1b516d23) Generated GUIDs only implemented for interfaces!
 -> (artifact id: '8afbd13cb4efc0960cd96b5b2dbce8f4') in 0.012306 seconds
Number of updated asset objects reloaded before import = 0
Number of asset objects unloaded after import = 1
========================================================================
Received Import Request.
  Time since last request: 0.000051 seconds.
  path: Assets/Synth_Oneshots/Synth_1_Cmaj/Synth_1_G5.wav
  artifactKey: Guid(456774b8c17a27241973ad2c68db16ca) Importer(2089858483,0ecaa5967403d082aa24f35e1b516d23)
Start importing Assets/Synth_Oneshots/Synth_1_Cmaj/Synth_1_G5.wav using Guid(456774b8c17a27241973ad2c68db16ca) Importer(2089858483,0ecaa5967403d082aa24f35e1b516d23) Generated GUIDs only implemented for interfaces!
 -> (artifact id: '33858d8fdae73d8796db190a5b9df6d9') in 0.066081 seconds
Number of updated asset objects reloaded before import = 0
Number of asset objects unloaded after import = 1
========================================================================
Received Import Request.
  Time since last request: 0.000022 seconds.
  path: Assets/Synth_Oneshots/Synth_5_Chromatic/Synth_5_A5.wav
  artifactKey: Guid(5877c95fca8b2354f924f3840a2854fc) Importer(2089858483,0ecaa5967403d082aa24f35e1b516d23)
Start importing Assets/Synth_Oneshots/Synth_5_Chromatic/Synth_5_A5.wav using Guid(5877c95fca8b2354f924f3840a2854fc) Importer(2089858483,0ecaa5967403d082aa24f35e1b516d23) Generated GUIDs only implemented for interfaces!
 -> (artifact id: '48cf0bf015633ff6c3932b8aeb3b30e8') in 0.069211 seconds
Number of updated asset objects reloaded before import = 0
Number of asset objects unloaded after import = 1
========================================================================
Received Import Request.
  Time since last request: 0.000018 seconds.
  path: Assets/Synth_Oneshots/Synth_7_Amin/Synth_7_A4.wav
  artifactKey: Guid(7c7bbf0c78a1be94c85883d4789e3510) Importer(2089858483,0ecaa5967403d082aa24f35e1b516d23)
Start importing Assets/Synth_Oneshots/Synth_7_Amin/Synth_7_A4.wav using Guid(7c7bbf0c78a1be94c85883d4789e3510) Importer(2089858483,0ecaa5967403d082aa24f35e1b516d23) Generated GUIDs only implemented for interfaces!
 -> (artifact id: '5ad633d8ee6233c6f49ce8442f9b3e67') in 0.066768 seconds
Number of updated asset objects reloaded before import = 0
Number of asset objects unloaded after import = 1
=======
  Time since last request: 699060.231466 seconds.
  path: Assets/Menu.cs
  artifactKey: Guid(436c2bbf827cb2840a5fa2c6d532a627) Importer(815301076,1909f56bfc062723c751e8b465ee728b)
Start importing Assets/Menu.cs using Guid(436c2bbf827cb2840a5fa2c6d532a627) Importer(815301076,1909f56bfc062723c751e8b465ee728b)  -> (artifact id: '9e90fe20e80d9b3003d2bff99863e076') in 0.005010 seconds
Number of updated asset objects reloaded before import = 0
Number of asset objects unloaded after import = 0
========================================================================
Received Import Request.
  Time since last request: 7.694610 seconds.
  path: Assets/InputController.cs
  artifactKey: Guid(d8a385a619f3b3e449f1ce010e8460eb) Importer(815301076,1909f56bfc062723c751e8b465ee728b)
Start importing Assets/InputController.cs using Guid(d8a385a619f3b3e449f1ce010e8460eb) Importer(815301076,1909f56bfc062723c751e8b465ee728b)  -> (artifact id: 'a3be816ffef0ad588c5ab9757fce6d58') in 0.000611 seconds
Number of updated asset objects reloaded before import = 0
Number of asset objects unloaded after import = 0
========================================================================
Received Import Request.
  Time since last request: 61.774585 seconds.
  path: Assets/Menu.cs
  artifactKey: Guid(436c2bbf827cb2840a5fa2c6d532a627) Importer(815301076,1909f56bfc062723c751e8b465ee728b)
Start importing Assets/Menu.cs using Guid(436c2bbf827cb2840a5fa2c6d532a627) Importer(815301076,1909f56bfc062723c751e8b465ee728b)  -> (artifact id: '42d1ab70b146be0428772fc2352cabea') in 0.001290 seconds
Number of updated asset objects reloaded before import = 0
Number of asset objects unloaded after import = 0
========================================================================
Received Import Request.
  Time since last request: 68.088984 seconds.
  path: Assets/Menu.cs
  artifactKey: Guid(436c2bbf827cb2840a5fa2c6d532a627) Importer(815301076,1909f56bfc062723c751e8b465ee728b)
Start importing Assets/Menu.cs using Guid(436c2bbf827cb2840a5fa2c6d532a627) Importer(815301076,1909f56bfc062723c751e8b465ee728b)  -> (artifact id: 'a3724394bf82f15db5688ebf393826ed') in 0.001039 seconds
Number of updated asset objects reloaded before import = 0
Number of asset objects unloaded after import = 0
========================================================================
Received Import Request.
  Time since last request: 47.014823 seconds.
  path: Assets/Menu.cs
  artifactKey: Guid(436c2bbf827cb2840a5fa2c6d532a627) Importer(815301076,1909f56bfc062723c751e8b465ee728b)
Start importing Assets/Menu.cs using Guid(436c2bbf827cb2840a5fa2c6d532a627) Importer(815301076,1909f56bfc062723c751e8b465ee728b)  -> (artifact id: 'b93c0acacaf5d68e7a5182bd609539cb') in 0.003529 seconds
Number of updated asset objects reloaded before import = 0
Number of asset objects unloaded after import = 0
========================================================================
Received Prepare
Begin MonoManager ReloadAssembly
- Loaded All Assemblies, in  0.679 seconds
Refreshing native plugins compatible for Editor in 12.43 ms, found 4 plugins.
Native extension for WindowsStandalone target not found
Native extension for iOS target not found
Native extension for Android target not found
[Package Manager] Server::EnsureServerProcessIsRunning -- launch failed, reason: Unity was launched with the -noUpm command-line argument
[Package Manager] UpmClient::Send -- Unable to send message (not connected to UPM process).
[Package Manager] Cannot connect to Unity Package Manager local server
Mono: successfully reloaded assembly
- Finished resetting the current domain, in  1.703 seconds
Domain Reload Profiling: 2376ms
	BeginReloadAssembly (220ms)
		ExecutionOrderSort (0ms)
		DisableScriptedObjects (13ms)
		BackupInstance (0ms)
		ReleaseScriptingObjects (0ms)
		CreateAndSetChildDomain (53ms)
	RebuildCommonClasses (39ms)
	RebuildNativeTypeToScriptingClass (10ms)
	initialDomainReloadingComplete (38ms)
	LoadAllAssembliesAndSetupDomain (366ms)
		LoadAssemblies (442ms)
		RebuildTransferFunctionScriptingTraits (0ms)
		AnalyzeDomain (39ms)
			TypeCache.Refresh (15ms)
				TypeCache.ScanAssembly (0ms)
			ScanForSourceGeneratedMonoScriptInfo (16ms)
			ResolveRequiredComponents (6ms)
	FinalizeReload (1704ms)
		ReleaseScriptCaches (0ms)
		RebuildScriptCaches (0ms)
		SetupLoadedEditorAssemblies (466ms)
			LogAssemblyErrors (0ms)
			InitializePlatformSupportModulesInManaged (48ms)
			SetLoadedEditorAssemblies (3ms)
			RefreshPlugins (0ms)
			BeforeProcessingInitializeOnLoad (95ms)
			ProcessInitializeOnLoadAttributes (272ms)
			ProcessInitializeOnLoadMethodAttributes (36ms)
			AfterProcessingInitializeOnLoad (12ms)
			EditorAssembliesLoaded (0ms)
		ExecutionOrderSort2 (0ms)
		AwakeInstancesAfterBackupRestoration (16ms)
Refreshing native plugins compatible for Editor in 9.47 ms, found 4 plugins.
Preloading 0 native plugins for Editor in 0.00 ms.
Unloading 3997 Unused Serialized files (Serialized files now loaded: 0)
Unloading 35 unused Assets / (34.7 KB). Loaded Objects now: 4481.
Memory consumption went from 138.1 MB to 138.1 MB.
Total: 3.402100 ms (FindLiveObjects: 0.310700 ms CreateObjectMapping: 0.133700 ms MarkObjects: 2.883300 ms  DeleteObjects: 0.073000 ms)

Prepare: number of updated asset objects reloaded= 0
AssetImportParameters requested are different than current active one (requested -> active):
  custom:container-demuxer-ogg: 62fdf1f143b41e24485cea50d1cbac27 -> 
  custom:video-codec-MediaFoundation-h265: 746d11721c4dcdbdad8f713fa42b33f4 -> 
  custom:video-decoder-ogg-theora: a1e56fd34408186e4bbccfd4996cb3dc -> 
  custom:framework-win-MediaFoundation: 216162199b28c13a410421893ffa2e32 -> 
  custom:CustomObjectIndexerAttribute: 756ad292c208cfabdd7b50bc23989ffe -> 
  custom:container-demuxer-webm: 4f35f7cbe854078d1ac9338744f61a02 -> 
  custom:container-muxer-webm: aa71ff27fc2769a1b78a27578f13a17b -> 
  custom:video-decoder-webm-vp8: 9c59270c3fd7afecdb556c50c9e8de78 -> 
  custom:SearchIndexIgnoredProperties: e643bd26f0fe6173181afceb89e7c659 -> 
  custom:AudioImporter_EditorPlatform: d09bf68614088b80899f8185d706f6e7 -> 
  custom:video-encoder-webm-vp8: eb34c28f22e8b96e1ab97ce403110664 -> 
  custom:audio-decoder-ogg-vorbis: bf7c407c2cedff20999df2af8eb42d56 -> 
  custom:audio-encoder-webm-vorbis: bf7c407c2cedff20999df2af8eb42d56 -> 
========================================================================
Received Import Request.
  Time since last request: 88.406629 seconds.
  path: Assets/Synth_Oneshots/Synth_3_Fmaj/Synth_3_A4.wav
  artifactKey: Guid(b401780efa99c564082af8587c5b679b) Importer(815301076,1909f56bfc062723c751e8b465ee728b)
Start importing Assets/Synth_Oneshots/Synth_3_Fmaj/Synth_3_A4.wav using Guid(b401780efa99c564082af8587c5b679b) Importer(815301076,1909f56bfc062723c751e8b465ee728b)  -> (artifact id: '186e840f5b6606563b70361eeb0c3212') in 0.100435 seconds
Number of updated asset objects reloaded before import = 0
Number of asset objects unloaded after import = 2
========================================================================
Received Import Request.
  Time since last request: 0.000035 seconds.
  path: Assets/Synth_Oneshots/Synth_3_Fmaj/Synth_3_F6.wav
  artifactKey: Guid(c651b4b4f7333c7489f35863eb75351e) Importer(815301076,1909f56bfc062723c751e8b465ee728b)
Start importing Assets/Synth_Oneshots/Synth_3_Fmaj/Synth_3_F6.wav using Guid(c651b4b4f7333c7489f35863eb75351e) Importer(815301076,1909f56bfc062723c751e8b465ee728b)  -> (artifact id: '85b7599f4d340df710c0715fbbf39406') in 0.128678 seconds
Number of updated asset objects reloaded before import = 0
Number of asset objects unloaded after import = 2
========================================================================
Received Import Request.
  Time since last request: 0.000027 seconds.
  path: Assets/Synth_Oneshots/Synth_3_Fmaj/Synth_3_C4.wav
  artifactKey: Guid(2eb5f74c185795548960346451a63f90) Importer(815301076,1909f56bfc062723c751e8b465ee728b)
Start importing Assets/Synth_Oneshots/Synth_3_Fmaj/Synth_3_C4.wav using Guid(2eb5f74c185795548960346451a63f90) Importer(815301076,1909f56bfc062723c751e8b465ee728b)  -> (artifact id: 'aa0f22aa324e608285f755ca6a02dd4f') in 0.043350 seconds
Number of updated asset objects reloaded before import = 0
Number of asset objects unloaded after import = 2
========================================================================
Received Import Request.
  Time since last request: 0.000045 seconds.
  path: Assets/Synth_Oneshots/Synth_3_Fmaj/Synth_3_A6.wav
  artifactKey: Guid(4edb9c8b351646a47a978255f4e93e20) Importer(815301076,1909f56bfc062723c751e8b465ee728b)
Start importing Assets/Synth_Oneshots/Synth_3_Fmaj/Synth_3_A6.wav using Guid(4edb9c8b351646a47a978255f4e93e20) Importer(815301076,1909f56bfc062723c751e8b465ee728b)  -> (artifact id: 'f9c2852753b1f2a5f74db73fe644d6c7') in 0.019329 seconds
Number of updated asset objects reloaded before import = 0
Number of asset objects unloaded after import = 2
========================================================================
Received Import Request.
  Time since last request: 0.000034 seconds.
  path: Assets/Synth_Oneshots/Synth_3_Fmaj/Synth_3_F4.wav
  artifactKey: Guid(6c0f0742dec9fac4abf3f7e0eef4d903) Importer(815301076,1909f56bfc062723c751e8b465ee728b)
Start importing Assets/Synth_Oneshots/Synth_3_Fmaj/Synth_3_F4.wav using Guid(6c0f0742dec9fac4abf3f7e0eef4d903) Importer(815301076,1909f56bfc062723c751e8b465ee728b)  -> (artifact id: 'a8529b0ae101615cd399dc130eda288a') in 0.020791 seconds
Number of updated asset objects reloaded before import = 0
Number of asset objects unloaded after import = 2
========================================================================
Received Prepare
Begin MonoManager ReloadAssembly
- Loaded All Assemblies, in  0.667 seconds
Refreshing native plugins compatible for Editor in 11.01 ms, found 4 plugins.
Native extension for WindowsStandalone target not found
Native extension for iOS target not found
Native extension for Android target not found
[Package Manager] Server::EnsureServerProcessIsRunning -- launch failed, reason: Unity was launched with the -noUpm command-line argument
[Package Manager] UpmClient::Send -- Unable to send message (not connected to UPM process).
[Package Manager] Cannot connect to Unity Package Manager local server
Mono: successfully reloaded assembly
- Finished resetting the current domain, in  1.631 seconds
Domain Reload Profiling: 2289ms
	BeginReloadAssembly (207ms)
		ExecutionOrderSort (0ms)
		DisableScriptedObjects (12ms)
		BackupInstance (0ms)
		ReleaseScriptingObjects (0ms)
		CreateAndSetChildDomain (44ms)
	RebuildCommonClasses (60ms)
	RebuildNativeTypeToScriptingClass (19ms)
	initialDomainReloadingComplete (50ms)
	LoadAllAssembliesAndSetupDomain (321ms)
		LoadAssemblies (425ms)
		RebuildTransferFunctionScriptingTraits (0ms)
		AnalyzeDomain (12ms)
			TypeCache.Refresh (6ms)
				TypeCache.ScanAssembly (0ms)
			ScanForSourceGeneratedMonoScriptInfo (0ms)
			ResolveRequiredComponents (5ms)
	FinalizeReload (1631ms)
		ReleaseScriptCaches (0ms)
		RebuildScriptCaches (0ms)
		SetupLoadedEditorAssemblies (547ms)
			LogAssemblyErrors (0ms)
			InitializePlatformSupportModulesInManaged (52ms)
			SetLoadedEditorAssemblies (5ms)
			RefreshPlugins (0ms)
			BeforeProcessingInitializeOnLoad (110ms)
			ProcessInitializeOnLoadAttributes (327ms)
			ProcessInitializeOnLoadMethodAttributes (37ms)
			AfterProcessingInitializeOnLoad (15ms)
			EditorAssembliesLoaded (1ms)
		ExecutionOrderSort2 (0ms)
		AwakeInstancesAfterBackupRestoration (17ms)
Refreshing native plugins compatible for Editor in 12.26 ms, found 4 plugins.
Preloading 0 native plugins for Editor in 0.00 ms.
Unloading 3997 Unused Serialized files (Serialized files now loaded: 0)
Unloading 35 unused Assets / (34.7 KB). Loaded Objects now: 4494.
Memory consumption went from 138.3 MB to 138.2 MB.
Total: 4.511800 ms (FindLiveObjects: 0.476300 ms CreateObjectMapping: 0.183300 ms MarkObjects: 3.774800 ms  DeleteObjects: 0.076000 ms)

Prepare: number of updated asset objects reloaded= 0
AssetImportParameters requested are different than current active one (requested -> active):
  custom:container-demuxer-ogg: 62fdf1f143b41e24485cea50d1cbac27 -> 
  custom:video-codec-MediaFoundation-h265: 746d11721c4dcdbdad8f713fa42b33f4 -> 
  custom:video-decoder-ogg-theora: a1e56fd34408186e4bbccfd4996cb3dc -> 
  custom:framework-win-MediaFoundation: 216162199b28c13a410421893ffa2e32 -> 
  custom:CustomObjectIndexerAttribute: 756ad292c208cfabdd7b50bc23989ffe -> 
  custom:container-demuxer-webm: 4f35f7cbe854078d1ac9338744f61a02 -> 
  custom:container-muxer-webm: aa71ff27fc2769a1b78a27578f13a17b -> 
  custom:video-decoder-webm-vp8: 9c59270c3fd7afecdb556c50c9e8de78 -> 
  custom:SearchIndexIgnoredProperties: e643bd26f0fe6173181afceb89e7c659 -> 
  custom:AudioImporter_EditorPlatform: d09bf68614088b80899f8185d706f6e7 -> 
  custom:video-encoder-webm-vp8: eb34c28f22e8b96e1ab97ce403110664 -> 
  custom:audio-decoder-ogg-vorbis: bf7c407c2cedff20999df2af8eb42d56 -> 
  custom:audio-encoder-webm-vorbis: bf7c407c2cedff20999df2af8eb42d56 -> 
>>>>>>> Stashed changes
Editor requested this worker to shutdown with reason: Scaling down because of idle timeout
TcpMessagingSession - receive error: operation aborted. errorcode: 995, details: The I/O operation has been aborted because of either a thread exit or an application request.
AssetImportWorker is now disconnected from the server
Process exiting
Exiting without the bug reporter. Application will terminate with return code 0